<?xml version="1.0" encoding="UTF-8"?>
<testng-results ignored="0" total="2" passed="2" failed="0" skipped="0">
  <reporter-output>
  </reporter-output>
  <suite started-at="2024-03-19T22:58:30 IST" name="Default suite" finished-at="2024-03-19T22:59:08 IST" duration-ms="38219">
    <groups>
    </groups>
    <test started-at="2024-03-19T22:58:30 IST" name="Default test" finished-at="2024-03-19T22:59:08 IST" duration-ms="38219">
      <class name="testcases.LoginPageTest">
        <test-method is-config="true" signature="setup()[pri:0, instance:testcases.LoginPageTest@75437611]" started-at="2024-03-19T22:58:30 IST" name="setup" finished-at="2024-03-19T22:58:43 IST" duration-ms="13670" status="PASS">
          <reporter-output>
          </reporter-output>
        </test-method> <!-- setup -->
        <test-method signature="verifyDashboardPageURL()[pri:0, instance:testcases.LoginPageTest@75437611]" started-at="2024-03-19T22:58:43 IST" name="verifyDashboardPageURL" finished-at="2024-03-19T22:58:57 IST" duration-ms="13937" status="PASS">
          <reporter-output>
          </reporter-output>
        </test-method> <!-- verifyDashboardPageURL -->
        <test-method is-config="true" signature="closeBrowser()[pri:0, instance:testcases.LoginPageTest@75437611]" started-at="2024-03-19T22:58:57 IST" name="closeBrowser" finished-at="2024-03-19T22:58:58 IST" duration-ms="347" status="PASS">
          <reporter-output>
          </reporter-output>
        </test-method> <!-- closeBrowser -->
        <test-method is-config="true" signature="setup()[pri:0, instance:testcases.LoginPageTest@75437611]" started-at="2024-03-19T22:58:58 IST" name="setup" finished-at="2024-03-19T22:59:07 IST" duration-ms="9271" status="PASS">
          <reporter-output>
          </reporter-output>
        </test-method> <!-- setup -->
        <test-method signature="verifyForgetURLTest()[pri:0, instance:testcases.LoginPageTest@75437611]" started-at="2024-03-19T22:59:07 IST" name="verifyForgetURLTest" finished-at="2024-03-19T22:59:08 IST" duration-ms="654" status="PASS">
          <reporter-output>
          </reporter-output>
        </test-method> <!-- verifyForgetURLTest -->
        <test-method is-config="true" signature="closeBrowser()[pri:0, instance:testcases.LoginPageTest@75437611]" started-at="2024-03-19T22:59:08 IST" name="closeBrowser" finished-at="2024-03-19T22:59:08 IST" duration-ms="230" status="PASS">
          <reporter-output>
          </reporter-output>
        </test-method> <!-- closeBrowser -->
      </class> <!-- testcases.LoginPageTest -->
    </test> <!-- Default test -->
  </suite> <!-- Default suite -->
</testng-results>
